TN:
SF:src\index.ts
FN:43,encode
FN:44,decode
FN:47,frame
FN:54,<instance_members_initializer>
FN:60,Strenor
FN:76,registerCodec
FN:84,encode
FN:92,decode
FN:110,set
FN:115,get
FN:122,setString
FN:127,getString
FN:134,setBuffer
FN:140,getBuffer
FN:147,setJSON
FN:152,getJSON
FN:158,del
FN:161,exists
FN:165,expire
FN:169,persist
FN:173,ttl
FN:176,keys
FN:179,size
FN:182,clear
FN:186,sweep
FN:193,dump
FN:198,load
FN:204,close
FNF:28
FNH:28
FNDA:15,encode
FNDA:6,decode
FNDA:25,frame
FNDA:28,<instance_members_initializer>
FNDA:28,Strenor
FNDA:2,registerCodec
FNDA:19,encode
FNDA:13,decode
FNDA:19,set
FNDA:18,get
FNDA:3,setString
FNDA:3,getString
FNDA:2,setBuffer
FNDA:3,getBuffer
FNDA:2,setJSON
FNDA:2,getJSON
FNDA:2,del
FNDA:2,exists
FNDA:2,expire
FNDA:1,persist
FNDA:8,ttl
FNDA:1,keys
FNDA:3,size
FNDA:1,clear
FNDA:1,sweep
FNDA:1,dump
FNDA:2,load
FNDA:1,close
DA:1,1
DA:7,1
DA:8,1
DA:9,1
DA:10,1
DA:12,1
DA:13,1
DA:14,1
DA:15,1
DA:17,1
DA:41,1
DA:42,1
DA:43,1
DA:44,1
DA:45,1
DA:47,25
DA:48,25
DA:49,25
DA:50,25
DA:51,25
DA:52,25
DA:54,1
DA:55,28
DA:56,28
DA:57,28
DA:58,28
DA:60,28
DA:61,28
DA:62,28
DA:65,28
DA:66,28
DA:67,28
DA:69,28
DA:70,1
DA:71,1
DA:72,1
DA:73,28
DA:76,28
DA:77,2
DA:78,1
DA:79,1
DA:80,1
DA:81,1
DA:82,2
DA:84,28
DA:85,19
DA:86,19
DA:87,19
DA:89,13
DA:90,19
DA:92,28
DA:93,13
DA:94,13
DA:95,13
DA:96,13
DA:97,1
DA:98,13
DA:99,4
DA:100,13
DA:101,8
DA:102,8
DA:103,1
DA:104,1
DA:105,13
DA:106,13
DA:110,28
DA:111,19
DA:112,19
DA:113,19
DA:115,28
DA:116,18
DA:117,18
DA:118,18
DA:122,28
DA:123,3
DA:124,3
DA:125,3
DA:127,28
DA:128,3
DA:129,3
DA:130,3
DA:131,1
DA:132,3
DA:134,28
DA:135,2
DA:136,2
DA:137,2
DA:138,2
DA:140,28
DA:141,3
DA:142,3
DA:143,3
DA:144,1
DA:145,3
DA:147,28
DA:148,2
DA:149,2
DA:150,2
DA:152,28
DA:153,2
DA:154,2
DA:158,28
DA:159,2
DA:160,2
DA:161,28
DA:162,2
DA:163,2
DA:165,28
DA:166,2
DA:167,2
DA:169,28
DA:170,1
DA:171,1
DA:173,28
DA:174,8
DA:175,8
DA:176,28
DA:177,1
DA:178,1
DA:179,28
DA:180,3
DA:181,3
DA:182,28
DA:183,1
DA:184,1
DA:186,28
DA:187,1
DA:188,1
DA:193,28
DA:194,1
DA:195,1
DA:196,1
DA:198,28
DA:199,2
DA:200,2
DA:201,2
DA:204,28
DA:205,1
DA:206,1
DA:207,1
DA:208,1
DA:209,1
DA:210,28
DA:212,1
LF:144
LH:144
BRDA:43,0,0,15
BRDA:44,1,0,6
BRDA:47,2,0,25
BRDA:54,3,0,28
BRDA:60,4,0,28
BRDA:69,5,0,1
BRDA:69,6,0,1
BRDA:76,7,0,2
BRDA:77,8,0,1
BRDA:77,9,0,1
BRDA:84,10,0,19
BRDA:85,11,0,4
BRDA:85,12,0,2
BRDA:85,13,0,17
BRDA:86,14,0,1
BRDA:86,15,0,16
BRDA:87,16,0,3
BRDA:87,17,0,13
BRDA:92,18,0,13
BRDA:96,19,0,1
BRDA:98,20,0,4
BRDA:100,21,0,8
BRDA:102,22,0,7
BRDA:102,23,0,1
BRDA:110,24,0,19
BRDA:111,25,0,4
BRDA:115,26,0,18
BRDA:117,27,0,5
BRDA:117,28,0,13
BRDA:122,29,0,3
BRDA:123,30,0,1
BRDA:127,31,0,3
BRDA:129,32,0,1
BRDA:129,33,0,2
BRDA:130,34,0,1
BRDA:134,35,0,2
BRDA:135,36,0,1
BRDA:140,37,0,3
BRDA:142,38,0,1
BRDA:142,39,0,2
BRDA:143,40,0,1
BRDA:147,41,0,2
BRDA:148,42,0,1
BRDA:152,43,0,2
BRDA:158,44,0,2
BRDA:161,45,0,2
BRDA:165,46,0,2
BRDA:169,47,0,1
BRDA:173,48,0,8
BRDA:176,49,0,1
BRDA:179,50,0,3
BRDA:182,51,0,1
BRDA:186,52,0,1
BRDA:193,53,0,1
BRDA:198,54,0,2
BRDA:204,55,0,1
BRF:56
BRH:56
end_of_record
